<?xml version="1.0" encoding="UTF-8"?>
<testng-results skipped="0" failed="0" ignored="0" total="1" passed="1">
  <reporter-output>
  </reporter-output>
  <suite name="Default suite" duration-ms="71" started-at="2022-03-10T16:19:19 IST" finished-at="2022-03-10T16:19:19 IST">
    <groups>
    </groups>
    <test name="Default test" duration-ms="71" started-at="2022-03-10T16:19:19 IST" finished-at="2022-03-10T16:19:19 IST">
      <class name="demoGit.Demo">
        <test-method status="PASS" signature="demo()[pri:0, instance:demoGit.Demo@1e6d1014]" name="demo" duration-ms="13" started-at="2022-03-10T16:19:19 IST" finished-at="2022-03-10T16:19:19 IST">
          <reporter-output>
          </reporter-output>
        </test-method> <!-- demo -->
      </class> <!-- demoGit.Demo -->
    </test> <!-- Default test -->
  </suite> <!-- Default suite -->
</testng-results>
